[debug] [2020-12-29T16:02:13.380Z] ----------------------------------------------------------------------
[debug] [2020-12-29T16:02:13.381Z] Command:       C:\Program Files\nodejs\node.exe C:\Users\Aswin Jayaji\AppData\Roaming\npm\node_modules\firebase-tools\lib\bin\firebase.js init
[debug] [2020-12-29T16:02:13.382Z] CLI Version:   9.1.0
[debug] [2020-12-29T16:02:13.382Z] Platform:      win32
[debug] [2020-12-29T16:02:13.382Z] Node Version:  v14.13.1
[debug] [2020-12-29T16:02:13.382Z] Time:          Tue Dec 29 2020 21:32:13 GMT+0530 (India Standard Time)
[debug] [2020-12-29T16:02:13.383Z] ----------------------------------------------------------------------
[debug] [2020-12-29T16:02:13.383Z] 
[debug] [2020-12-29T16:02:13.387Z] > command requires scopes: ["email","openid","https://www.googleapis.com/auth/cloudplatformprojects.readonly","https://www.googleapis.com/auth/firebase","https://www.googleapis.com/auth/cloud-platform"]
[debug] [2020-12-29T16:02:13.388Z] > authorizing via signed-in user
[info] 
     ######## #### ########  ######## ########     ###     ######  ########
     ##        ##  ##     ## ##       ##     ##  ##   ##  ##       ##
     ######    ##  ########  ######   ########  #########  ######  ######
     ##        ##  ##    ##  ##       ##     ## ##     ##       ## ##
     ##       #### ##     ## ######## ########  ##     ##  ######  ########

You're about to initialize a Firebase project in this directory:

  D:\github\CETouch

Before we get started, keep in mind:

  * You are initializing in an existing Firebase project directory

[info] 
=== Project Setup
[info] 
[info] First, let's associate this project directory with a Firebase project.
[info] You can create multiple project aliases by running firebase use --add, 
[info] but for now we'll just set up a default project.
[info] 
[info] i  .firebaserc already has a default project, using cetouchapp. 
[debug] [2020-12-29T16:05:41.310Z] > refreshing access token with scopes: ["email","https://www.googleapis.com/auth/cloud-platform","https://www.googleapis.com/auth/cloudplatformprojects.readonly","https://www.googleapis.com/auth/firebase","openid"]
[debug] [2020-12-29T16:05:41.310Z] >>> HTTP REQUEST POST https://www.googleapis.com/oauth2/v3/token  
 <request body omitted>
[debug] [2020-12-29T16:05:42.324Z] <<< HTTP RESPONSE 200 {"expires":"Mon, 01 Jan 1990 00:00:00 GMT","cache-control":"no-cache, no-store, max-age=0, must-revalidate","pragma":"no-cache","date":"Tue, 29 Dec 2020 16:05:43 GMT","content-type":"application/json; charset=utf-8","vary":"X-Origin, Referer, Origin,Accept-Encoding","server":"scaffolding on HTTPServer2","x-xss-protection":"0","x-frame-options":"SAMEORIGIN","x-content-type-options":"nosniff","alt-svc":"h3-29=\":443\"; ma=2592000,h3-T051=\":443\"; ma=2592000,h3-Q050=\":443\"; ma=2592000,h3-Q046=\":443\"; ma=2592000,h3-Q043=\":443\"; ma=2592000,quic=\":443\"; ma=2592000; v=\"46,43\"","accept-ranges":"none","transfer-encoding":"chunked"}
[debug] [2020-12-29T16:05:42.376Z] >>> HTTP REQUEST GET https://firebase.googleapis.com/v1beta1/projects/cetouchapp  
 
[debug] [2020-12-29T16:05:43.779Z] <<< HTTP RESPONSE 403 {"vary":"X-Origin, Referer, Origin,Accept-Encoding","content-type":"application/json; charset=UTF-8","date":"Tue, 29 Dec 2020 16:05:44 GMT","server":"ESF","cache-control":"private","x-xss-protection":"0","x-frame-options":"SAMEORIGIN","x-content-type-options":"nosniff","alt-svc":"h3-29=\":443\"; ma=2592000,h3-T051=\":443\"; ma=2592000,h3-Q050=\":443\"; ma=2592000,h3-Q046=\":443\"; ma=2592000,h3-Q043=\":443\"; ma=2592000,quic=\":443\"; ma=2592000; v=\"46,43\"","accept-ranges":"none","transfer-encoding":"chunked"}
[debug] [2020-12-29T16:05:43.780Z] <<< HTTP RESPONSE BODY {"error":{"code":403,"message":"The caller does not have permission","status":"PERMISSION_DENIED"}}
[debug] [2020-12-29T16:05:43.782Z] HTTP Error: 403, The caller does not have permission
[debug] [2020-12-29T16:05:44.395Z] FirebaseError: HTTP Error: 403, The caller does not have permission
    at module.exports (C:\Users\Aswin Jayaji\AppData\Roaming\npm\node_modules\firebase-tools\lib\responseToError.js:38:12)
    at Request._callback (C:\Users\Aswin Jayaji\AppData\Roaming\npm\node_modules\firebase-tools\lib\api.js:41:35)
    at Request.self.callback (C:\Users\Aswin Jayaji\AppData\Roaming\npm\node_modules\firebase-tools\node_modules\request\request.js:185:22)
    at Request.emit (events.js:314:20)
    at Request.EventEmitter.emit (domain.js:486:12)
    at Request.<anonymous> (C:\Users\Aswin Jayaji\AppData\Roaming\npm\node_modules\firebase-tools\node_modules\request\request.js:1154:10)
    at Request.emit (events.js:314:20)
    at Request.EventEmitter.emit (domain.js:486:12)
    at IncomingMessage.<anonymous> (C:\Users\Aswin Jayaji\AppData\Roaming\npm\node_modules\firebase-tools\node_modules\request\request.js:1076:12)
    at Object.onceWrapper (events.js:420:28)
    at IncomingMessage.emit (events.js:326:22)
    at IncomingMessage.EventEmitter.emit (domain.js:486:12)
    at endReadableNT (_stream_readable.js:1252:12)
    at processTicksAndRejections (internal/process/task_queues.js:80:21)
[error] 
[error] Error: Failed to get Firebase project cetouchapp. Please make sure the project exists and your account has permission to access it.
